<?xml version="1.0" encoding="UTF-8"?>
<!-- Generated by org.testng.reporters.JUnitReportReporter -->
<testsuite skipped="0" hostname="DESKTOP-C3SHNOF" name="com.testing.features.Soft_Assert" tests="1" failures="0" timestamp="2022-04-27T22:43:26 IST" time="0.032" errors="0">
  <testcase name="demo" time="0.032" classname="com.testing.features.Soft_Assert"/>
  <system-out/>
</testsuite> <!-- com.testing.features.Soft_Assert -->
