<?xml version="1.0" encoding="UTF-8"?>
<!-- Generated by org.testng.reporters.JUnitReportReporter -->
<testsuite skipped="0" hostname="DESKTOP-C3SHNOF" name="com.testing.features.Parallel_Testing_concept" tests="2" failures="0" timestamp="2022-04-28T22:16:49 IST" time="0.032" errors="0">
  <testcase name="whatsapp" time="0.016" classname="com.testing.features.Parallel_Testing_concept"/>
  <system-out/>
  <testcase name="facebook" time="0.016" classname="com.testing.features.Parallel_Testing_concept"/>
  <system-out/>
</testsuite> <!-- com.testing.features.Parallel_Testing_concept -->
