<?xml version="1.0" encoding="UTF-8"?>
<!-- Generated by org.testng.reporters.JUnitReportReporter -->
<testsuite skipped="1" hostname="DESKTOP-C3SHNOF" name="com.testing.features.Ignore" tests="3" failures="0" timestamp="2022-04-25T10:13:32 IST" time="0.047" errors="0">
  <testcase name="CSE" time="0.031" classname="com.testing.features.Ignore"/>
  <system-out/>
  <testcase name="Ram" time="0.016" classname="com.testing.features.Ignore"/>
  <system-out/>
  <testcase name="EEE" classname="com.testing.features.Ignore">
    <skipped/>
  </testcase> <!-- EEE -->
  <system-out/>
</testsuite> <!-- com.testing.features.Ignore -->
