<?xml version="1.0" encoding="UTF-8"?>
<!-- Generated by org.testng.reporters.JUnitReportReporter -->
<testsuite skipped="0" hostname="DESKTOP-C3SHNOF" name="com.testing.features.Hardasset_Concept" tests="1" failures="0" timestamp="2022-04-27T22:34:27 IST" time="0.044" errors="0">
  <testcase name="compare" time="0.044" classname="com.testing.features.Hardasset_Concept"/>
  <system-out/>
</testsuite> <!-- com.testing.features.Hardasset_Concept -->
