<?xml version="1.0" encoding="UTF-8"?>
<!-- Generated by org.testng.reporters.JUnitReportReporter -->
<testsuite skipped="0" hostname="DESKTOP-C3SHNOF" name="com.testing.features.Dependency" tests="2" failures="0" timestamp="2022-04-25T11:15:12 IST" time="0.031" errors="0">
  <testcase name="compiler" time="0.016" classname="com.testing.features.Dependency"/>
  <system-out/>
  <testcase name="java" time="0.015" classname="com.testing.features.Dependency"/>
  <system-out/>
</testsuite> <!-- com.testing.features.Dependency -->
