<?xml version="1.0" encoding="UTF-8"?>
<!-- Generated by org.testng.reporters.JUnitReportReporter -->
<testsuite skipped="0" hostname="DESKTOP-C3SHNOF" name="com.testing.features.Simple_Annotation" tests="3" failures="0" timestamp="2022-04-25T09:12:13 IST" time="0.056" errors="0">
  <testcase name="moblie" time="0.023" classname="com.testing.features.Simple_Annotation"/>
  <system-out/>
  <testcase name="books" time="0.024" classname="com.testing.features.Simple_Annotation"/>
  <system-out/>
  <testcase name="homeappliances" time="0.009" classname="com.testing.features.Simple_Annotation"/>
  <system-out/>
</testsuite> <!-- com.testing.features.Simple_Annotation -->
