<?xml version="1.0" encoding="UTF-8"?>
<!-- Generated by org.testng.reporters.JUnitReportReporter -->
<testsuite skipped="0" hostname="DESKTOP-C3SHNOF" name="com.testing.features.Parameter_Test" tests="1" failures="0" timestamp="2022-04-26T23:01:42 IST" time="0.016" errors="0">
  <testcase name="login" time="0.016" classname="com.testing.features.Parameter_Test"/>
  <system-out/>
</testsuite> <!-- com.testing.features.Parameter_Test -->
