<?xml version="1.0" encoding="UTF-8"?>
<!-- Generated by org.testng.reporters.JUnitReportReporter -->
<testsuite skipped="0" hostname="DESKTOP-C3SHNOF" name="com.testing.features.Dataprovider" tests="2" failures="0" timestamp="2022-04-27T22:21:26 IST" time="0.015" errors="0">
  <testcase name="data" time="0.015" classname="com.testing.features.Dataprovider"/>
  <system-out/>
  <testcase name="data" time="0.000" classname="com.testing.features.Dataprovider"/>
  <system-out/>
</testsuite> <!-- com.testing.features.Dataprovider -->
