<?xml version="1.0" encoding="UTF-8"?>
<!-- Generated by org.testng.reporters.JUnitReportReporter -->
<testsuite skipped="0" hostname="DESKTOP-C3SHNOF" name="com.testing.features.Grouping" tests="2" failures="0" timestamp="2022-04-25T11:06:01 IST" time="0.015" errors="0">
  <testcase name="table" time="0.000" classname="com.testing.features.Grouping"/>
  <system-out/>
  <testcase name="chair" time="0.015" classname="com.testing.features.Grouping"/>
  <system-out/>
</testsuite> <!-- com.testing.features.Grouping -->
