<?xml version="1.0" encoding="UTF-8"?>
<!-- Generated by org.testng.reporters.JUnitReportReporter -->
<testsuite skipped="0" hostname="DESKTOP-C3SHNOF" name="com.testing.features.Expected_Exception" tests="1" failures="0" timestamp="2022-04-26T22:26:14 IST" time="0.032" errors="0">
  <testcase name="div" time="0.032" classname="com.testing.features.Expected_Exception"/>
  <system-out/>
</testsuite> <!-- com.testing.features.Expected_Exception -->
